16 61 60
OF
14
13
14
13
14
14
13
14
14
14
[{'range': 30, 'elevation': 0, 'X': 55, 'Y': 28}, {'range': 30, 'elevation': 0, 'X': 9, 'Y': 51}, {'range': 30, 'elevation': 0, 'X': 15, 'Y': 1}, {'range': 30, 'elevation': 0, 'X': 14, 'Y': 57}, {'range': 30, 'elevation': 0, 'X': 14, 'Y': 2}, {'range': 30, 'elevation': 0, 'X': 57, 'Y': 39}, {'range': 30, 'elevation': 0, 'X': 47, 'Y': 23}, {'range': 30, 'elevation': 0, 'X': 42, 'Y': 42}, {'range': 30, 'elevation': 0, 'X': 54, 'Y': 33}, {'range': 30, 'elevation': 0, 'X': 55, 'Y': 31}]
0 0.24638840726660705
1 0.2462103684951586
2 0.24612135944366254
3 0.24592279215715313
4 0.2454247452904795
5 0.24449792766882403
6 0.24450491590001372
7 0.24092365298728888
8 0.23862066162915027
9 0.2340059799770489
10 0.2307285449349216
11 0.22648465279795257
12 0.09752071206773653
13 0.09722710885263003
14 0.09696968909518193
15 0.09628743950079288
period, Objective, permBS
0 0.20486493487904256 1
0 0.6362796568833567
1 0.6342362100486812
2 0.6316666373766969
3 0.6293774482715878
4 0.6264514556366311
5 0.6267412298802645
6 0.6250705582021813
7 0.6165846528426514
8 0.6080103409594124
9 0.5959839906139812
10 0.5903127293727259
11 0.5806729830025544
12 0.5704218249534703
13 0.5607039236173137
14 0.5484576425236096
15 0.544286145823027
period, Objective, permBS
0 0.6015785893755041 2
0 0.6107059664741022
1 0.606502581470124
2 0.6045628056911125
3 0.6022616012577517
4 0.60011570227575
5 0.5983224576143484
6 0.5971283690669498
7 0.5900699636260516
8 0.5843585233324905
9 0.5734143103730457
10 0.5690212972528047
11 0.5610471160387267
12 0.5540127545556067
13 0.5163859586442067
14 0.5094884032717032
15 0.507020840445361
period, Objective, permBS, TempBS
0 0.5740261657118804 2 1
