11 106 91
OF
62
51
59
50
16
62
47
35
15
46
[{'range': 50, 'elevation': 0, 'X': 103, 'Y': 52}, {'range': 50, 'elevation': 0, 'X': 24, 'Y': 60}, {'range': 50, 'elevation': 0, 'X': 100, 'Y': 29}, {'range': 50, 'elevation': 0, 'X': 85, 'Y': 62}, {'range': 50, 'elevation': 0, 'X': 68, 'Y': 24}, {'range': 50, 'elevation': 0, 'X': 78, 'Y': 82}, {'range': 50, 'elevation': 0, 'X': 27, 'Y': 44}, {'range': 50, 'elevation': 0, 'X': 47, 'Y': 20}, {'range': 50, 'elevation': 0, 'X': 65, 'Y': 28}, {'range': 50, 'elevation': 0, 'X': 36, 'Y': 10}]
0 0.15062122458659633
1 0.1310983276672331
2 0.12687777527451657
3 0.10239246687139335
4 0.10001847241703823
5 0.09680632098137375
6 0.0940998254925508
7 0.09158035971436979
8 0.08948171512583429
9 0.08124100176041973
10 0.07806539215063914
period, Objective, permBS
0 0.10384389836745267 1
0 0.3029239141838975
1 0.3080553617226424
2 0.31168769351119696
3 0.3116273638621531
4 0.305129059366594
5 0.3003093630535994
6 0.29885345692007087
7 0.3012806986879701
8 0.30368648065908194
9 0.29814212726736783
10 0.2976632799239691
period, Objective, permBS
0 0.3035780726507821 2
0 0.2570005263842768
1 0.2433010347393617
2 0.23771163402760254
3 0.20907660121484353
4 0.20451104181665516
5 0.19670416192437423
6 0.19275285428641212
7 0.1845975615528857
8 0.18138630249743315
9 0.18839403164260565
10 0.18988182763171876
period, Objective, permBS
0 0.207756143428924 3
0 0.5359396979634241
1 0.5417575398893626
2 0.5403691587230328
3 0.5186949471220783
4 0.5158636334671978
5 0.5123399322176226
6 0.5125213454822131
7 0.507080532513301
8 0.5121003415323874
9 0.5082688843400958
10 0.5045053913580865
period, Objective, permBS
0 0.5190401276917064 4
0 0.6132200439715604
1 0.6085523196592558
2 0.6059818640962076
3 0.5745512043966217
4 0.5702998035153035
5 0.5655443664260602
6 0.5629445663573182
7 0.5515010314416071
8 0.5440218492856158
9 0.5277161316170482
10 0.5163858555352607
period, Objective, permBS
0 0.5673380942092506 5
0 0.593455943901288
1 0.5966086718341677
2 0.5948858637212836
3 0.571545527577394
4 0.5683318588422915
5 0.5662709194622776
6 0.5619636673931875
7 0.5505794487517205
8 0.5563659250386124
9 0.5660274274584117
10 0.5598936319096703
period, Objective, permBS, TempBS
0 0.57144808053547 5 1
0 0.5531680741433692
1 0.5555518076442881
2 0.5547001220216573
3 0.5283332018224914
4 0.5234523384426865
5 0.5157231074515505
6 0.5126642488392854
7 0.5087903877941141
8 0.507826909883638
9 0.5046032814327477
10 0.4950132564772311
period, Objective, permBS, TempBS
0 0.5236206123593693 5 2
0 0.25087130852765993
1 0.2359815783828794
2 0.2294908553581623
3 0.1998754452689136
4 0.19348001253568817
5 0.18685860023743292
6 0.18275305877730588
7 0.17895253494150903
8 0.17659530286481073
9 0.16261579800907686
10 0.15498316813365084
period, Objective, permBS, TempBS
0 0.19567796936700696 5 3
0 0.5635319622884458
1 0.5858046800536982
2 0.5867873065330628
3 0.569550049750474
4 0.5662320281396066
5 0.5637526281386004
6 0.5630198884906727
7 0.5629518129661021
8 0.5584361277928109
9 0.5501899907546769
10 0.5491420585756303
period, Objective, permBS, TempBS
0 0.5653998666803345 5 4
0 0.5028833304521847
1 0.48980472709628536
2 0.4835150649166089
3 0.439521454112476
4 0.4338878583540925
5 0.43031308091536913
6 0.41689571018700333
7 0.40268930518162965
8 0.40359817050665875
9 0.38289432935883394
10 0.3689828439547732
period, Objective, permBS, TempBS
0 0.4322714431850809 5 5
